[debug] [2022-12-23T13:33:43.231Z] ----------------------------------------------------------------------
[debug] [2022-12-23T13:33:43.233Z] Command:       C:\Program Files\nodejs\node.exe C:\Users\Mohammad Hossen\AppData\Roaming\npm\node_modules\firebase-tools\lib\bin\firebase.js init
[debug] [2022-12-23T13:33:43.233Z] CLI Version:   11.17.0
[debug] [2022-12-23T13:33:43.234Z] Platform:      win32
[debug] [2022-12-23T13:33:43.234Z] Node Version:  v18.7.0
[debug] [2022-12-23T13:33:43.235Z] Time:          Fri Dec 23 2022 05:33:43 GMT-0800 (Pacific Standard Time)
[debug] [2022-12-23T13:33:43.235Z] ----------------------------------------------------------------------
[debug] 
[debug] [2022-12-23T13:33:43.239Z] >>> [apiv2][query] GET https://firebase-public.firebaseio.com/cli.json [none]
[debug] [2022-12-23T13:33:43.286Z] > command requires scopes: ["email","openid","https://www.googleapis.com/auth/cloudplatformprojects.readonly","https://www.googleapis.com/auth/firebase","https://www.googleapis.com/auth/cloud-platform"]
[debug] [2022-12-23T13:33:43.286Z] > authorizing via signed-in user (mdnazmulhasanniloy323@gmail.com)
[info] 
     ######## #### ########  ######## ########     ###     ######  ########
     ##        ##  ##     ## ##       ##     ##  ##   ##  ##       ##
     ######    ##  ########  ######   ########  #########  ######  ######
     ##        ##  ##    ##  ##       ##     ## ##     ##       ## ##
     ##       #### ##     ## ######## ########  ##     ##  ######  ########

You're about to initialize a Firebase project in this directory:

  E:\My Projects\Game-Ghor

[debug] [2022-12-23T13:33:43.954Z] <<< [apiv2][status] GET https://firebase-public.firebaseio.com/cli.json 200
[debug] [2022-12-23T13:33:43.955Z] <<< [apiv2][body] GET https://firebase-public.firebaseio.com/cli.json {"cloudBuildErrorAfter":1594252800000,"cloudBuildWarnAfter":1590019200000,"defaultNode10After":1594252800000,"minVersion":"3.0.5","node8DeploysDisabledAfter":1613390400000,"node8RuntimeDisabledAfter":1615809600000,"node8WarnAfter":1600128000000}
