[debug] [2022-11-28T17:50:50.350Z] ----------------------------------------------------------------------
[debug] [2022-11-28T17:50:50.353Z] Command:       C:\Program Files\nodejs\node.exe C:\Users\Mohammad Hossen\AppData\Roaming\npm\node_modules\firebase-tools\lib\bin\firebase.js init
[debug] [2022-11-28T17:50:50.353Z] CLI Version:   11.15.0
[debug] [2022-11-28T17:50:50.354Z] Platform:      win32
[debug] [2022-11-28T17:50:50.354Z] Node Version:  v18.7.0
[debug] [2022-11-28T17:50:50.355Z] Time:          Mon Nov 28 2022 09:50:50 GMT-0800 (Pacific Standard Time)
[debug] [2022-11-28T17:50:50.355Z] ----------------------------------------------------------------------
[debug] 
[debug] [2022-11-28T17:50:50.439Z] > command requires scopes: ["email","openid","https://www.googleapis.com/auth/cloudplatformprojects.readonly","https://www.googleapis.com/auth/firebase","https://www.googleapis.com/auth/cloud-platform"]
[debug] [2022-11-28T17:50:50.440Z] > authorizing via signed-in user (mdnazmulhasanniloy323@gmail.com)
[info] 
     ######## #### ########  ######## ########     ###     ######  ########
     ##        ##  ##     ## ##       ##     ##  ##   ##  ##       ##
     ######    ##  ########  ######   ########  #########  ######  ######
     ##        ##  ##    ##  ##       ##     ## ##     ##       ## ##
     ##       #### ##     ## ######## ########  ##     ##  ######  ########

You're about to initialize a Firebase project in this directory:

  E:\Nazmul Hasan\Nodejs, expressjs server side\mobile-ghor\mobile-ghor-clint

Before we get started, keep in mind:

  * You are initializing within an existing Firebase project directory

